
> frontend@0.0.0 start /home/ubuntu/frontend
> node ./bin/www

[0mGET / [32m200 [0m389.471 ms - 354[0m
[0mGET /stylesheets/material.min.css [32m200 [0m4.749 ms - 123260[0m
[0mGET /list [36m304 [0m129.561 ms - -[0m
[0mGET /stylesheets/material.min.css [36m304 [0m1.210 ms - -[0m
[0mGET /stylesheets/demo/styles.css [32m200 [0m1.173 ms - 3742[0m
[0mGET /rest/users/2 [36m304 [0m19.181 ms - -[0m
[0mGET /rest/users/2 [36m304 [0m13.645 ms - -[0m
[0mGET /list [32m200 [0m63.134 ms - 1591[0m
[0mGET /stylesheets/material.min.css [32m200 [0m0.657 ms - 123260[0m
[0mGET /stylesheets/demo/styles.css [32m200 [0m0.554 ms - 3742[0m
[0mGET /favicon.ico [33m404 [0m22.092 ms - 1209[0m
[0mGET /favicon.ico [33m404 [0m10.713 ms - 1209[0m
[0mGET /list [36m304 [0m71.635 ms - -[0m
[0mGET /stylesheets/demo/styles.css [36m304 [0m1.161 ms - -[0m
[0mGET /stylesheets/material.min.css [36m304 [0m0.847 ms - -[0m
[0mGET /list [36m304 [0m41.354 ms - -[0m
[0mGET /stylesheets/material.min.css [36m304 [0m1.231 ms - -[0m
[0mGET /stylesheets/demo/styles.css [36m304 [0m0.719 ms - -[0m
[0mGET / [32m200 [0m6.729 ms - 354[0m
[0mGET /stylesheets/material.min.css [36m304 [0m0.503 ms - -[0m
[0mGET /rest/users/2 [32m200 [0m15.633 ms - 174[0m
[0mGET /list [36m304 [0m42.582 ms - -[0m
[0mGET /stylesheets/material.min.css [36m304 [0m1.660 ms - -[0m
[0mGET /stylesheets/demo/styles.css [36m304 [0m0.341 ms - -[0m
[0mGET /robots.txt [33m404 [0m17.827 ms - 1209[0m
[0mGET /x [33m404 [0m8.082 ms - 1209[0m
[0mGET /mobile/ [33m404 [0m8.990 ms - 1209[0m
[0mGET /m/ [33m404 [0m12.425 ms - 1209[0m
[0mGET / [32m200 [0m13.539 ms - 354[0m
[0mGET / [32m200 [0m5.425 ms - 354[0m
[0mGET / [32m200 [0m11.908 ms - 354[0m
[0mGET / [32m200 [0m10.515 ms - 354[0m
[0mGET /robots.txt [33m404 [0m6.067 ms - 1209[0m
[0mGET / [32m200 [0m11.863 ms - 354[0m
[0mGET /list [32m200 [0m19.429 ms - 1591[0m
[0mGET /stylesheets/demo/styles.css [32m200 [0m0.364 ms - 3742[0m
[0mGET /stylesheets/material.min.css [32m200 [0m0.913 ms - 123260[0m
[0mGET /favicon.ico [33m404 [0m8.310 ms - 1209[0m
[0mGET /favicon.ico [33m404 [0m6.072 ms - 1209[0m
[0mGET /list [36m304 [0m26.214 ms - -[0m
[0mGET /stylesheets/demo/styles.css [36m304 [0m1.752 ms - -[0m
[0mGET /stylesheets/material.min.css [36m304 [0m1.220 ms - -[0m
[0mGET /list [36m304 [0m21.435 ms - -[0m
[0mGET /stylesheets/material.min.css [36m304 [0m0.336 ms - -[0m
[0mGET /stylesheets/demo/styles.css [36m304 [0m0.629 ms - -[0m
[0mGET /list [36m304 [0m18.896 ms - -[0m
[0mGET /stylesheets/material.min.css [36m304 [0m1.244 ms - -[0m
[0mGET /stylesheets/demo/styles.css [36m304 [0m0.465 ms - -[0m
[0mGET /list [36m304 [0m21.880 ms - -[0m
[0mGET /stylesheets/demo/styles.css [36m304 [0m0.642 ms - -[0m
[0mGET /stylesheets/material.min.css [36m304 [0m0.572 ms - -[0m
[0mGET /list [32m200 [0m16.794 ms - 1591[0m
[0mGET /list [32m200 [0m22.243 ms - 1591[0m
[0mGET /stylesheets/demo/styles.css [32m200 [0m0.355 ms - 3742[0m
[0mGET /stylesheets/material.min.css [32m200 [0m1.147 ms - 123260[0m
[0mGET /favicon.ico [33m404 [0m6.595 ms - 1209[0m
[0mGET /favicon.ico [33m404 [0m10.142 ms - 1209[0m
[0mGET / [32m200 [0m4.935 ms - 354[0m
[0mGET /m/ [33m404 [0m8.000 ms - 1209[0m
[0mGET /x [33m404 [0m5.972 ms - 1209[0m
[0mGET / [32m200 [0m4.776 ms - 354[0m
[0mGET http://ddns.oray.com/checkip [0m- [0m- ms - -[0m
[0mGET http://apps.game.qq.com/comm-htdocs/ip/get_ip.php [0m- [0m- ms - -[0m
[0mGET /robots.txt [33m404 [0m6.175 ms - 1209[0m
[0mGET / [32m200 [0m7.804 ms - 354[0m
[0mGET /robots.txt [33m404 [0m7.245 ms - 1209[0m
[0mGET / [32m200 [0m9.008 ms - 354[0m
[0mGET / [32m200 [0m10.826 ms - 354[0m
[0mGET /robots.txt [33m404 [0m5.504 ms - 1209[0m
[0mGET /m/ [33m404 [0m5.585 ms - 1209[0m
[0mGET / [32m200 [0m10.078 ms - 354[0m
[0mGET / [32m200 [0m7.526 ms - 354[0m
[0mGET /robots.txt [33m404 [0m5.963 ms - 1209[0m
[0mGET /tmUnblock.cgi [33m404 [0m5.060 ms - 1209[0m
[0mGET / [32m200 [0m4.887 ms - 354[0m
[0mGET / [32m200 [0m4.754 ms - 354[0m
[0mGET http://www.teddybrinkofski.com/ip_json.php [33m404 [0m5.505 ms - 1209[0m
[0mGET http://www.teddybrinkofski.com/ip_json.php [33m404 [0m7.107 ms - 1209[0m
[0mGET http://www.teddybrinkofski.com/ip_json.php [33m404 [0m6.222 ms - 1209[0m
[0mGET http://www.teddybrinkofski.com/ip_json.php [33m404 [0m5.996 ms - 1209[0m
[0mGET http://www.teddybrinkofski.com/ip_json.php [33m404 [0m5.596 ms - 1209[0m
[0mGET /x [33m404 [0m6.553 ms - 1209[0m
[0mGET /robots.txt [33m404 [0m5.358 ms - 1209[0m
[0mGET /m/ [33m404 [0m5.425 ms - 1209[0m
[0mGET / [32m200 [0m5.208 ms - 354[0m
[0mGET / [32m200 [0m6.175 ms - 354[0m
[0mGET / [32m200 [0m4.619 ms - 354[0m
[0mGET /x [33m404 [0m5.749 ms - 1209[0m
[0mGET /x [33m404 [0m7.407 ms - 1209[0m
[0mGET / [32m200 [0m5.667 ms - 354[0m
[0mGET / [32m200 [0m7.939 ms - 354[0m
[0mGET /manager/html [33m404 [0m7.119 ms - 1209[0m
[0mGET /robots.txt [33m404 [0m13.852 ms - 1209[0m
[0mGET / [32m200 [0m5.476 ms - 354[0m
[0mGET / [32m200 [0m4.715 ms - 354[0m
[0mGET /stylesheets/material.min.css [32m200 [0m0.648 ms - 123260[0m
[0mGET /favicon.ico [33m404 [0m5.125 ms - 1209[0m
[0mGET /list [36m304 [0m16.812 ms - -[0m
[0mGET /list [32m200 [0m15.616 ms - 1591[0m
[0mGET /stylesheets/material.min.css [36m304 [0m0.267 ms - -[0m
[0mGET /stylesheets/demo/styles.css [32m200 [0m0.355 ms - 3742[0m
[0mGET /users/2 [33m404 [0m5.719 ms - 1209[0m
[0mGET /stylesheets/material.min.css [36m304 [0m0.371 ms - -[0m
[0mGET /users/3 [33m404 [0m5.598 ms - 1209[0m
[0mGET /stylesheets/material.min.css [36m304 [0m0.387 ms - -[0m
[0mGET /rest/users/3 [32m200 [0m5572.267 ms - 4[0m
[0mGET /rest/users/2 [32m200 [0m80.715 ms - 174[0m
[0mGET /list [32m200 [0m18.477 ms - 1591[0m
[0mGET /list [32m200 [0m17.038 ms - 1591[0m
[0mGET / [32m200 [0m4.320 ms - 354[0m
[0mGET /favicon.ico [33m404 [0m5.813 ms - 1209[0m
[0mGET /favicon.ico [33m404 [0m5.326 ms - 1209[0m
[0mGET /favicon.ico [33m404 [0m5.375 ms - 1209[0m
[0mGET /list [32m200 [0m16.942 ms - 1591[0m
[0mGET /stylesheets/demo/styles.css [32m200 [0m0.333 ms - 3742[0m
[0mGET /stylesheets/material.min.css [32m200 [0m0.514 ms - 123260[0m
[0mGET /favicon.ico [33m404 [0m8.095 ms - 1209[0m
[0mGET /rest/users/2 [32m200 [0m144.546 ms - 174[0m
[0mGET /cgi-bin/rtpd.cgi [33m404 [0m6.600 ms - 1209[0m
[0mGET /manager/html [33m404 [0m5.054 ms - 1209[0m
[0mGET /robots.txt [33m404 [0m9.078 ms - 1209[0m
[0mGET / [32m200 [0m4.576 ms - 354[0m
[0mGET /rest/users/2 [32m200 [0m162.970 ms - 174[0m
[0mGET /favicon.ico [33m404 [0m9.771 ms - 1209[0m
[0mGET /list [32m200 [0m15.702 ms - 1591[0m
[0mGET /stylesheets/demo/styles.css [32m200 [0m0.349 ms - 3742[0m
[0mGET /stylesheets/material.min.css [32m200 [0m0.457 ms - 123260[0m
[0mGET /robots.txt [33m404 [0m5.217 ms - 1209[0m
[0mGET / [32m200 [0m4.112 ms - 354[0m
[0mGET /list [32m200 [0m18.001 ms - 1591[0m
[0mGET /list [32m200 [0m17.879 ms - 1591[0m
[0mGET /favicon.ico [33m404 [0m8.620 ms - 1209[0m
[0mGET /favicon.ico [33m404 [0m4.787 ms - 1209[0m
[0mGET / [32m200 [0m4.472 ms - 354[0m
[0mGET /list [32m200 [0m16.063 ms - 1591[0m
[0mGET /stylesheets/demo/styles.css [32m200 [0m0.311 ms - 3742[0m
[0mGET /stylesheets/material.min.css [32m200 [0m2.688 ms - 123260[0m
[0mGET /favicon.ico [33m404 [0m5.054 ms - 1209[0m
[0mGET /robots.txt [33m404 [0m5.387 ms - 1209[0m
[0mGET /stylesheets/material.min.css [32m200 [0m0.382 ms - 123260[0m
[0mGET /stylesheets/material.min.css [32m200 [0m0.416 ms - 123260[0m
[0mGET /phpMyAdmin/scripts/setup.php [33m404 [0m6.136 ms - 1209[0m
[0mGET /pma/scripts/setup.php [33m404 [0m5.140 ms - 1209[0m
[0mGET /myadmin/scripts/setup.php [33m404 [0m4.898 ms - 1209[0m
[0mGET /x [33m404 [0m7.759 ms - 1209[0m
[0mGET / [32m200 [0m6.006 ms - 354[0m
[0mGET /manager/html [33m404 [0m5.285 ms - 1209[0m
Terminated

npm ERR! Linux 3.13.0-48-generic
npm ERR! argv "/usr/bin/node" "/usr/bin/npm" "start"
npm ERR! node v0.12.7
npm ERR! npm  v2.11.3
npm ERR! code ELIFECYCLE
npm ERR! frontend@0.0.0 start: `node ./bin/www`
npm ERR! Exit status 143
npm ERR! 
npm ERR! Failed at the frontend@0.0.0 start script 'node ./bin/www'.
npm ERR! This is most likely a problem with the frontend package,
npm ERR! not with npm itself.
npm ERR! Tell the author that this fails on your system:
npm ERR!     node ./bin/www
npm ERR! You can get their info via:
npm ERR!     npm owner ls frontend
npm ERR! There is likely additional logging output above.

npm ERR! Please include the following file with any support request:
npm ERR!     /home/ubuntu/frontend/npm-debug.log

> frontend@0.0.0 start /home/ubuntu/frontend
> node ./bin/www

[0mGET / [36m304 [0m374.546 ms - -[0m
[0mGET /stylesheets/material.min.css [36m304 [0m2.910 ms - -[0m
[0mGET /list [36m304 [0m123.545 ms - -[0m
[0mGET /stylesheets/demo/styles.css [36m304 [0m0.731 ms - -[0m
[0mGET /stylesheets/material.min.css [36m304 [0m0.296 ms - -[0m
[0mGET /rest/users/2 [36m304 [0m19.277 ms - -[0m
